current directory: /workspaces/56373711/saas_app/simplecodecasts_saas/vendor/bundle/ruby/3.1.0/gems/sqlite3-1.4.0/ext/sqlite3
/usr/local/bin/ruby -I /usr/local/lib/ruby/3.1.0 -r ./siteconf20220203-11281-erszh2.rb extconf.rb
checking for sqlite3.h... yes
checking for pthread_create() in -lpthread... yes
checking for -ldl... yes
checking for dlopen()... yes
checking for dlclose()... yes
checking for dlsym()... yes
checking for sqlite3_libversion_number() in -lsqlite3... yes
checking for rb_proc_arity()... yes
checking for rb_integer_pack()... yes
checking for sqlite3_initialize()... yes
checking for sqlite3_backup_init()... yes
checking for sqlite3_column_database_name()... yes
checking for sqlite3_enable_load_extension()... yes
checking for sqlite3_load_extension()... yes
checking for sqlite3_open_v2()... yes
checking for sqlite3_prepare_v2()... yes
checking for sqlite3_int64 in sqlite3.h... yes
checking for sqlite3_uint64 in sqlite3.h... yes
creating Makefile

current directory: /workspaces/56373711/saas_app/simplecodecasts_saas/vendor/bundle/ruby/3.1.0/gems/sqlite3-1.4.0/ext/sqlite3
make DESTDIR\= clean

current directory: /workspaces/56373711/saas_app/simplecodecasts_saas/vendor/bundle/ruby/3.1.0/gems/sqlite3-1.4.0/ext/sqlite3
make DESTDIR\=
compiling aggregator.c
warning: unknown warning option '-Wduplicated-cond' [-Wunknown-warning-option]
warning: unknown warning option '-Wimplicit-fallthrough=0'; did you mean '-Wimplicit-fallthrough'? [-Wunknown-warning-option]
warning: unknown warning option '-Wno-cast-function-type'; did you mean '-Wno-bad-function-cast'? [-Wunknown-warning-option]
warning: unknown warning option '-Wno-packed-bitfield-compat'; did you mean '-Wno-keyword-compat'? [-Wunknown-warning-option]
warning: unknown warning option '-Wsuggest-attribute=format'; did you mean '-Wproperty-attribute-mismatch'? [-Wunknown-warning-option]
warning: unknown warning option '-Wsuggest-attribute=noreturn' [-Wunknown-warning-option]
In file included from aggregator.c:1:
In file included from ./aggregator.h:4:
In file included from ./sqlite3_ruby.h:4:
In file included from /usr/local/include/ruby-3.1.0/ruby.h:38:
In file included from /usr/local/include/ruby-3.1.0/ruby/ruby.h:25:
In file included from /usr/local/include/ruby-3.1.0/ruby/defines.h:73:
In file included from /usr/local/include/ruby-3.1.0/ruby/backward/2/attributes.h:42:
In file included from /usr/local/include/ruby-3.1.0/ruby/internal/attr/pure.h:25:
/usr/local/include/ruby-3.1.0/ruby/assert.h:132:1: error: '__declspec' attributes are not enabled; use '-fdeclspec' or '-fms-extensions' to enable support for __declspec attributes
RBIMPL_ATTR_NORETURN()
^
/usr/local/include/ruby-3.1.0/ruby/internal/attr/noreturn.h:29:33: note: expanded from macro 'RBIMPL_ATTR_NORETURN'
# define RBIMPL_ATTR_NORETURN() __declspec(noreturn)
                                ^
In file included from aggregator.c:1:
In file included from ./aggregator.h:4:
In file included from ./sqlite3_ruby.h:4:
In file included from /usr/local/include/ruby-3.1.0/ruby.h:38:
In file included from /usr/local/include/ruby-3.1.0/ruby/ruby.h:26:
In file included from /usr/local/include/ruby-3.1.0/ruby/internal/anyargs.h:77:
/usr/local/include/ruby-3.1.0/ruby/internal/intern/vm.h:383:1: error: '__declspec' attributes are not enabled; use '-fdeclspec' or '-fms-extensions' to enable support for __declspec attributes
RBIMPL_ATTR_NORETURN()
^
/usr/local/include/ruby-3.1.0/ruby/internal/attr/noreturn.h:29:33: note: expanded from macro 'RBIMPL_ATTR_NORETURN'
# define RBIMPL_ATTR_NORETURN() __declspec(noreturn)
                                ^
In file included from aggregator.c:1:
In file included from ./aggregator.h:4:
In file included from ./sqlite3_ruby.h:4:
In file included from /usr/local/include/ruby-3.1.0/ruby.h:38:
In file included from /usr/local/include/ruby-3.1.0/ruby/ruby.h:27:
In file included from /usr/local/include/ruby-3.1.0/ruby/internal/arithmetic.h:23:
In file included from /usr/local/include/ruby-3.1.0/ruby/internal/arithmetic/char.h:23:
In file included from /usr/local/include/ruby-3.1.0/ruby/internal/arithmetic/int.h:26:
/usr/local/include/ruby-3.1.0/ruby/internal/arithmetic/long.h:70:1: error: '__declspec' attributes are not enabled; use '-fdeclspec' or '-fms-extensions' to enable support for __declspec attributes
RBIMPL_ATTR_NORETURN()
^
/usr/local/include/ruby-3.1.0/ruby/internal/attr/noreturn.h:29:33: note: expanded from macro 'RBIMPL_ATTR_NORETURN'
# define RBIMPL_ATTR_NORETURN() __declspec(noreturn)
                                ^
In file included from aggregator.c:1:
In file included from ./aggregator.h:4:
In file included from ./sqlite3_ruby.h:4:
In file included from /usr/local/include/ruby-3.1.0/ruby.h:38:
In file included from /usr/local/include/ruby-3.1.0/ruby/ruby.h:27:
In file included from /usr/local/include/ruby-3.1.0/ruby/internal/arithmetic.h:23:
In file included from /usr/local/include/ruby-3.1.0/ruby/internal/arithmetic/char.h:29:
In file included from /usr/local/include/ruby-3.1.0/ruby/internal/core/rstring.h:28:
/usr/local/include/ruby-3.1.0/ruby/internal/core/rbasic.h:63:14: error: expected parameter declarator
RUBY_ALIGNAS(SIZEOF_VALUE)
             ^
/usr/local/include/ruby-3.1.0/ruby/internal/value.h:106:23: note: expanded from macro 'SIZEOF_VALUE'
# define SIZEOF_VALUE SIZEOF_LONG
                      ^
/usr/local/include/ruby-3.1.0/x86_64-linux/ruby/config.h:70:21: note: expanded from macro 'SIZEOF_LONG'
#define SIZEOF_LONG 8
                    ^
In file included from aggregator.c:1:
In file included from ./aggregator.h:4:
In file included from ./sqlite3_ruby.h:4:
In file included from /usr/local/include/ruby-3.1.0/ruby.h:38:
In file included from /usr/local/include/ruby-3.1.0/ruby/ruby.h:27:
In file included from /usr/local/include/ruby-3.1.0/ruby/internal/arithmetic.h:23:
In file included from /usr/local/include/ruby-3.1.0/ruby/internal/arithmetic/char.h:29:
In file included from /usr/local/include/ruby-3.1.0/ruby/internal/core/rstring.h:28:
/usr/local/include/ruby-3.1.0/ruby/internal/core/rbasic.h:63:14: error: expected ')'
/usr/local/include/ruby-3.1.0/ruby/internal/value.h:106:23: note: expanded from macro 'SIZEOF_VALUE'
# define SIZEOF_VALUE SIZEOF_LONG
                      ^
/usr/local/include/ruby-3.1.0/x86_64-linux/ruby/config.h:70:21: note: expanded from macro 'SIZEOF_LONG'
#define SIZEOF_LONG 8
                    ^
/usr/local/include/ruby-3.1.0/ruby/internal/core/rbasic.h:63:1: note: to match this '('
RUBY_ALIGNAS(SIZEOF_VALUE)
^
/usr/local/include/ruby-3.1.0/ruby/backward/2/stdalign.h:27:22: note: expanded from macro 'RUBY_ALIGNAS'
#define RUBY_ALIGNAS RBIMPL_ALIGNAS /**< @copydoc RBIMPL_ALIGNAS */
                     ^
/usr/local/include/ruby-3.1.0/ruby/internal/stdalign.h:66:44: note: expanded from macro 'RBIMPL_ALIGNAS'
# define RBIMPL_ALIGNAS(_) __declspec(align(_))
                                           ^
In file included from aggregator.c:1:
In file included from ./aggregator.h:4:
In file included from ./sqlite3_ruby.h:4:
In file included from /usr/local/include/ruby-3.1.0/ruby.h:38:
In file included from /usr/local/include/ruby-3.1.0/ruby/ruby.h:27:
In file included from /usr/local/include/ruby-3.1.0/ruby/internal/arithmetic.h:23:
In file included from /usr/local/include/ruby-3.1.0/ruby/internal/arithmetic/char.h:29:
In file included from /usr/local/include/ruby-3.1.0/ruby/internal/core/rstring.h:28:
/usr/local/include/ruby-3.1.0/ruby/internal/core/rbasic.h:64:1: error: expected function body after function declarator
RBasic {
^
/usr/local/include/ruby-3.1.0/ruby/internal/core/rbasic.h:155:23: error: incomplete definition of type 'struct RBasic'
    return RBASIC(obj)->klass;
           ~~~~~~~~~~~^
/usr/local/include/ruby-3.1.0/ruby/internal/core/rbasic.h:155:12: note: forward declaration of 'struct RBasic'
    return RBASIC(obj)->klass;
           ^
/usr/local/include/ruby-3.1.0/ruby/internal/core/rbasic.h:40:57: note: expanded from macro 'RBASIC'
#define RBASIC(obj)                 RBIMPL_CAST((struct RBasic *)(obj))
                                                        ^
In file included from aggregator.c:1:
In file included from ./aggregator.h:4:
In file included from ./sqlite3_ruby.h:4:
In file included from /usr/local/include/ruby-3.1.0/ruby.h:38:
In file included from /usr/local/include/ruby-3.1.0/ruby/ruby.h:27:
In file included from /usr/local/include/ruby-3.1.0/ruby/internal/arithmetic.h:23:
In file included from /usr/local/include/ruby-3.1.0/ruby/internal/arithmetic/char.h:29:
In file included from /usr/local/include/ruby-3.1.0/ruby/internal/core/rstring.h:30:
In file included from /usr/local/include/ruby-3.1.0/ruby/internal/fl_type.h:38:
In file included from /usr/local/include/ruby-3.1.0/ruby/internal/value_type.h:33:
/usr/local/include/ruby-3.1.0/ruby/internal/error.h:86:1: error: '__declspec' attributes are not enabled; use '-fdeclspec' or '-fms-extensions' to enable support for __declspec attributes
RBIMPL_ATTR_NORETURN()
^
/usr/local/include/ruby-3.1.0/ruby/internal/attr/noreturn.h:29:33: note: expanded from macro 'RBIMPL_ATTR_NORETURN'
# define RBIMPL_ATTR_NORETURN() __declspec(noreturn)
                                ^
In file included from aggregator.c:1:
In file included from ./aggregator.h:4:
In file included from ./sqlite3_ruby.h:4:
In file included from /usr/local/include/ruby-3.1.0/ruby.h:38:
In file included from /usr/local/include/ruby-3.1.0/ruby/ruby.h:27:
In file included from /usr/local/include/ruby-3.1.0/ruby/internal/arithmetic.h:23:
In file included from /usr/local/include/ruby-3.1.0/ruby/internal/arithmetic/char.h:29:
In file included from /usr/local/include/ruby-3.1.0/ruby/internal/core/rstring.h:30:
In file included from /usr/local/include/ruby-3.1.0/ruby/internal/fl_type.h:38:
In file included from /usr/local/include/ruby-3.1.0/ruby/internal/value_type.h:33:
/usr/local/include/ruby-3.1.0/ruby/internal/error.h:103:1: error: '__declspec' attributes are not enabled; use '-fdeclspec' or '-fms-extensions' to enable support for __declspec attributes
RBIMPL_ATTR_NORETURN()
^
/usr/local/include/ruby-3.1.0/ruby/internal/attr/noreturn.h:29:33: note: expanded from macro 'RBIMPL_ATTR_NORETURN'
# define RBIMPL_ATTR_NORETURN() __declspec(noreturn)
                                ^
In file included from aggregator.c:1:
In file included from ./aggregator.h:4:
In file included from ./sqlite3_ruby.h:4:
In file included from /usr/local/include/ruby-3.1.0/ruby.h:38:
In file included from /usr/local/include/ruby-3.1.0/ruby/ruby.h:27:
In file included from /usr/local/include/ruby-3.1.0/ruby/internal/arithmetic.h:23:
In file included from /usr/local/include/ruby-3.1.0/ruby/internal/arithmetic/char.h:29:
In file included from /usr/local/include/ruby-3.1.0/ruby/internal/core/rstring.h:30:
In file included from /usr/local/include/ruby-3.1.0/ruby/internal/fl_type.h:38:
In file included from /usr/local/include/ruby-3.1.0/ruby/internal/value_type.h:33:
/usr/local/include/ruby-3.1.0/ruby/internal/error.h:118:1: error: '__declspec' attributes are not enabled; use '-fdeclspec' or '-fms-extensions' to enable support for __declspec attributes
RBIMPL_ATTR_NORETURN()
^
/usr/local/include/ruby-3.1.0/ruby/internal/attr/noreturn.h:29:33: note: expanded from macro 'RBIMPL_ATTR_NORETURN'
# define RBIMPL_ATTR_NORETURN() __declspec(noreturn)
                                ^
In file included from aggregator.c:1:
In file included from ./aggregator.h:4:
In file included from ./sqlite3_ruby.h:4:
In file included from /usr/local/include/ruby-3.1.0/ruby.h:38:
In file included from /usr/local/include/ruby-3.1.0/ruby/ruby.h:27:
In file included from /usr/local/include/ruby-3.1.0/ruby/internal/arithmetic.h:23:
In file included from /usr/local/include/ruby-3.1.0/ruby/internal/arithmetic/char.h:29:
In file included from /usr/local/include/ruby-3.1.0/ruby/internal/core/rstring.h:30:
In file included from /usr/local/include/ruby-3.1.0/ruby/internal/fl_type.h:38:
In file included from /usr/local/include/ruby-3.1.0/ruby/internal/value_type.h:33:
/usr/local/include/ruby-3.1.0/ruby/internal/error.h:139:1: error: '__declspec' attributes are not enabled; use '-fdeclspec' or '-fms-extensions' to enable support for __declspec attributes
RBIMPL_ATTR_NORETURN()
^
/usr/local/include/ruby-3.1.0/ruby/internal/attr/noreturn.h:29:33: note: expanded from macro 'RBIMPL_ATTR_NORETURN'
# define RBIMPL_ATTR_NORETURN() __declspec(noreturn)
                                ^
In file included from aggregator.c:1:
In file included from ./aggregator.h:4:
In file included from ./sqlite3_ruby.h:4:
In file included from /usr/local/include/ruby-3.1.0/ruby.h:38:
In file included from /usr/local/include/ruby-3.1.0/ruby/ruby.h:27:
In file included from /usr/local/include/ruby-3.1.0/ruby/internal/arithmetic.h:23:
In file included from /usr/local/include/ruby-3.1.0/ruby/internal/arithmetic/char.h:29:
In file included from /usr/local/include/ruby-3.1.0/ruby/internal/core/rstring.h:30:
In file included from /usr/local/include/ruby-3.1.0/ruby/internal/fl_type.h:38:
In file included from /usr/local/include/ruby-3.1.0/ruby/internal/value_type.h:33:
/usr/local/include/ruby-3.1.0/ruby/internal/error.h:151:1: error: '__declspec' attributes are not enabled; use '-fdeclspec' or '-fms-extensions' to enable support for __declspec attributes
RBIMPL_ATTR_NORETURN()
^
/usr/local/include/ruby-3.1.0/ruby/internal/attr/noreturn.h:29:33: note: expanded from macro 'RBIMPL_ATTR_NORETURN'
# define RBIMPL_ATTR_NORETURN() __declspec(noreturn)
                                ^
In file included from aggregator.c:1:
In file included from ./aggregator.h:4:
In file included from ./sqlite3_ruby.h:4:
In file included from /usr/local/include/ruby-3.1.0/ruby.h:38:
In file included from /usr/local/include/ruby-3.1.0/ruby/ruby.h:27:
In file included from /usr/local/include/ruby-3.1.0/ruby/internal/arithmetic.h:23:
In file included from /usr/local/include/ruby-3.1.0/ruby/internal/arithmetic/char.h:29:
In file included from /usr/local/include/ruby-3.1.0/ruby/internal/core/rstring.h:30:
In file included from /usr/local/include/ruby-3.1.0/ruby/internal/fl_type.h:38:
In file included from /usr/local/include/ruby-3.1.0/ruby/internal/value_type.h:33:
/usr/local/include/ruby-3.1.0/ruby/internal/error.h:176:1: error: '__declspec' attributes are not enabled; use '-fdeclspec' or '-fms-extensions' to enable support for __declspec attributes
RBIMPL_ATTR_NORETURN()
^
/usr/local/include/ruby-3.1.0/ruby/internal/attr/noreturn.h:29:33: note: expanded from macro 'RBIMPL_ATTR_NORETURN'
# define RBIMPL_ATTR_NORETURN() __declspec(noreturn)
                                ^
In file included from aggregator.c:1:
In file included from ./aggregator.h:4:
In file included from ./sqlite3_ruby.h:4:
In file included from /usr/local/include/ruby-3.1.0/ruby.h:38:
In file included from /usr/local/include/ruby-3.1.0/ruby/ruby.h:27:
In file included from /usr/local/include/ruby-3.1.0/ruby/internal/arithmetic.h:23:
In file included from /usr/local/include/ruby-3.1.0/ruby/internal/arithmetic/char.h:29:
In file included from /usr/local/include/ruby-3.1.0/ruby/internal/core/rstring.h:30:
In file included from /usr/local/include/ruby-3.1.0/ruby/internal/fl_type.h:38:
In file included from /usr/local/include/ruby-3.1.0/ruby/internal/value_type.h:33:
/usr/local/include/ruby-3.1.0/ruby/internal/error.h:187:1: error: '__declspec' attributes are not enabled; use '-fdeclspec' or '-fms-extensions' to enable support for __declspec attributes
RBIMPL_ATTR_NORETURN()
^
/usr/local/include/ruby-3.1.0/ruby/internal/attr/noreturn.h:29:33: note: expanded from macro 'RBIMPL_ATTR_NORETURN'
# define RBIMPL_ATTR_NORETURN() __declspec(noreturn)
                                ^
In file included from aggregator.c:1:
In file included from ./aggregator.h:4:
In file included from ./sqlite3_ruby.h:4:
In file included from /usr/local/include/ruby-3.1.0/ruby.h:38:
In file included from /usr/local/include/ruby-3.1.0/ruby/ruby.h:27:
In file included from /usr/local/include/ruby-3.1.0/ruby/internal/arithmetic.h:23:
In file included from /usr/local/include/ruby-3.1.0/ruby/internal/arithmetic/char.h:29:
In file included from /usr/local/include/ruby-3.1.0/ruby/internal/core/rstring.h:30:
In file included from /usr/local/include/ruby-3.1.0/ruby/internal/fl_type.h:38:
In file included from /usr/local/include/ruby-3.1.0/ruby/internal/value_type.h:33:
/usr/local/include/ruby-3.1.0/ruby/internal/error.h:204:1: error: '__declspec' attributes are not enabled; use '-fdeclspec' or '-fms-extensions' to enable support for __declspec attributes
RBIMPL_ATTR_NORETURN()
^
/usr/local/include/ruby-3.1.0/ruby/internal/attr/noreturn.h:29:33: note: expanded from macro 'RBIMPL_ATTR_NORETURN'
# define RBIMPL_ATTR_NORETURN() __declspec(noreturn)
                                ^
In file included from aggregator.c:1:
In file included from ./aggregator.h:4:
In file included from ./sqlite3_ruby.h:4:
In file included from /usr/local/include/ruby-3.1.0/ruby.h:38:
In file included from /usr/local/include/ruby-3.1.0/ruby/ruby.h:27:
In file included from /usr/local/include/ruby-3.1.0/ruby/internal/arithmetic.h:23:
In file included from /usr/local/include/ruby-3.1.0/ruby/internal/arithmetic/char.h:29:
In file included from /usr/local/include/ruby-3.1.0/ruby/internal/core/rstring.h:30:
In file included from /usr/local/include/ruby-3.1.0/ruby/internal/fl_type.h:38:
In file included from /usr/local/include/ruby-3.1.0/ruby/internal/value_type.h:33:
/usr/local/include/ruby-3.1.0/ruby/internal/error.h:216:1: error: '__declspec' attributes are not enabled; use '-fdeclspec' or '-fms-extensions' to enable support for __declspec attributes
RBIMPL_ATTR_NORETURN()
^
/usr/local/include/ruby-3.1.0/ruby/internal/attr/noreturn.h:29:33: note: expanded from macro 'RBIMPL_ATTR_NORETURN'
# define RBIMPL_ATTR_NORETURN() __declspec(noreturn)
                                ^
In file included from aggregator.c:1:
In file included from ./aggregator.h:4:
In file included from ./sqlite3_ruby.h:4:
In file included from /usr/local/include/ruby-3.1.0/ruby.h:38:
In file included from /usr/local/include/ruby-3.1.0/ruby/ruby.h:27:
In file included from /usr/local/include/ruby-3.1.0/ruby/internal/arithmetic.h:23:
In file included from /usr/local/include/ruby-3.1.0/ruby/internal/arithmetic/char.h:29:
In file included from /usr/local/include/ruby-3.1.0/ruby/internal/core/rstring.h:30:
In file included from /usr/local/include/ruby-3.1.0/ruby/internal/fl_type.h:38:
In file included from /usr/local/include/ruby-3.1.0/ruby/internal/value_type.h:33:
/usr/local/include/ruby-3.1.0/ruby/internal/error.h:236:1: error: '__declspec' attributes are not enabled; use '-fdeclspec' or '-fms-extensions' to enable support for __declspec attributes
RBIMPL_ATTR_NORETURN()
^
/usr/local/include/ruby-3.1.0/ruby/internal/attr/noreturn.h:29:33: note: expanded from macro 'RBIMPL_ATTR_NORETURN'
# define RBIMPL_ATTR_NORETURN() __declspec(noreturn)
                                ^
In file included from aggregator.c:1:
In file included from ./aggregator.h:4:
In file included from ./sqlite3_ruby.h:4:
In file included from /usr/local/include/ruby-3.1.0/ruby.h:38:
In file included from /usr/local/include/ruby-3.1.0/ruby/ruby.h:27:
In file included from /usr/local/include/ruby-3.1.0/ruby/internal/arithmetic.h:23:
In file included from /usr/local/include/ruby-3.1.0/ruby/internal/arithmetic/char.h:29:
In file included from /usr/local/include/ruby-3.1.0/ruby/internal/core/rstring.h:30:
In file included from /usr/local/include/ruby-3.1.0/ruby/internal/fl_type.h:38:
In file included from /usr/local/include/ruby-3.1.0/ruby/internal/value_type.h:33:
/usr/local/include/ruby-3.1.0/ruby/internal/error.h:248:1: error: '__declspec' attributes are not enabled; use '-fdeclspec' or '-fms-extensions' to enable support for __declspec attributes
RBIMPL_ATTR_NORETURN()
^
/usr/local/include/ruby-3.1.0/ruby/internal/attr/noreturn.h:29:33: note: expanded from macro 'RBIMPL_ATTR_NORETURN'
# define RBIMPL_ATTR_NORETURN() __declspec(noreturn)
                                ^
In file included from aggregator.c:1:
In file included from ./aggregator.h:4:
In file included from ./sqlite3_ruby.h:4:
In file included from /usr/local/include/ruby-3.1.0/ruby.h:38:
In file included from /usr/local/include/ruby-3.1.0/ruby/ruby.h:27:
In file included from /usr/local/include/ruby-3.1.0/ruby/internal/arithmetic.h:23:
In file included from /usr/local/include/ruby-3.1.0/ruby/internal/arithmetic/char.h:29:
In file included from /usr/local/include/ruby-3.1.0/ruby/internal/core/rstring.h:30:
In file included from /usr/local/include/ruby-3.1.0/ruby/internal/fl_type.h:38:
In file included from /usr/local/include/ruby-3.1.0/ruby/internal/value_type.h:33:
/usr/local/include/ruby-3.1.0/ruby/internal/error.h:287:1: error: '__declspec' attributes are not enabled; use '-fdeclspec' or '-fms-extensions' to enable support for __declspec attributes
RBIMPL_ATTR_NORETURN()
^
/usr/local/include/ruby-3.1.0/ruby/internal/attr/noreturn.h:29:33: note: expanded from macro 'RBIMPL_ATTR_NORETURN'
# define RBIMPL_ATTR_NORETURN() __declspec(noreturn)
                                ^
fatal error: too many errors emitted, stopping now [-ferror-limit=]
6 warnings and 20 errors generated.
make: *** [Makefile:246: aggregator.o] Error 1

make failed, exit code 2
